2022-12-05 10:51:52 - Starting D:\node\nodejs\node.exe  --harmony D:\node\nvm\v14.21.1\node_modules\node-windows\lib\wrapper.js --file E:\desktop\triennium\learnNode\start_window\task.js --scriptoptions= --log "start task wrapper" --grow 0.25 --wait 1 --maxrestarts 3 --abortonerror n --stopparentfirst undefined
2022-12-05 10:51:52 - Started 8752
2022-12-06 09:15:28 - Stopping starttask.exe
2022-12-06 09:15:28 - ProcessKill 8752
2022-12-06 09:15:29 - Found child process: 14112 Name: conhost.exe
2022-12-06 09:15:29 - Found child process: 19452 Name: node.exe
2022-12-06 09:15:29 - Stopping process 14112
2022-12-06 09:15:29 - Send SIGINT 14112
2022-12-06 09:15:29 - SIGINT to 14112 failed - Killing as fallback
2022-12-06 09:15:29 - Stopping process 19452
2022-12-06 09:15:29 - Send SIGINT 19452
2022-12-06 09:15:29 - SIGINT to 19452 failed - Killing as fallback
2022-12-06 09:15:29 - Stopping process 8752
2022-12-06 09:15:29 - Send SIGINT 8752
2022-12-06 09:15:29 - SIGINT to 8752 failed - Killing as fallback
2022-12-06 09:15:29 - Finished starttask.exe
2022-12-06 09:15:31 - Starting D:\node\nodejs\node.exe  --harmony D:\node\nvm\v14.21.1\node_modules\node-windows\lib\wrapper.js --file E:\desktop\triennium\learnNode\start_window\task.js --scriptoptions= --log "start task wrapper" --grow 0.25 --wait 1 --maxrestarts 3 --abortonerror n --stopparentfirst undefined
2022-12-06 09:15:31 - Started 18288
2022-12-06 09:16:58 - Stopping starttask.exe
2022-12-06 09:16:58 - ProcessKill 18288
2022-12-06 09:16:58 - Found child process: 14356 Name: conhost.exe
2022-12-06 09:16:58 - Found child process: 21104 Name: node.exe
2022-12-06 09:16:58 - Stopping process 14356
2022-12-06 09:16:58 - Send SIGINT 14356
2022-12-06 09:16:58 - SIGINT to 14356 failed - Killing as fallback
2022-12-06 09:16:58 - Stopping process 21104
2022-12-06 09:16:58 - Send SIGINT 21104
2022-12-06 09:16:58 - SIGINT to 21104 failed - Killing as fallback
2022-12-06 09:16:58 - Stopping process 18288
2022-12-06 09:16:58 - Send SIGINT 18288
2022-12-06 09:16:58 - SIGINT to 18288 failed - Killing as fallback
2022-12-06 09:16:58 - Finished starttask.exe
2022-12-06 13:19:22 - Starting D:\node\nodejs\node.exe  --harmony D:\node\nvm\v14.21.1\node_modules\node-windows\lib\wrapper.js --file E:\desktop\triennium\learnNode\start_window\task.js --scriptoptions= --log "start task wrapper" --grow 0.25 --wait 1 --maxrestarts 3 --abortonerror n --stopparentfirst undefined
2022-12-06 13:19:24 - Started 1208
2022-12-07 09:11:24 - Stopping starttask.exe
2022-12-07 09:11:24 - ProcessKill 1208
2022-12-07 09:11:31 - Shutdown exception
Message:The type initializer for 'System.Management.ManagementPath' threw an exception.
Stacktrace:   at System.Management.ManagementScope._Clone(ManagementScope scope, IdentifierChangedEventHandler handler)
   at System.Management.ManagementObjectSearcher..ctor(ManagementScope scope, ObjectQuery query, EnumerationOptions options)
   at winsw.WrapperService.GetChildPids(Int32 pid)
   at winsw.WrapperService.StopProcessAndChildren(Int32 pid)
   at winsw.WrapperService.StopIt()
   at winsw.WrapperService.OnShutdown()
2022-12-07 09:12:36 - Starting D:\node\nodejs\node.exe  --harmony D:\node\nvm\v14.21.1\node_modules\node-windows\lib\wrapper.js --file E:\desktop\triennium\learnNode\start_window\task.js --scriptoptions= --log "start task wrapper" --grow 0.25 --wait 1 --maxrestarts 3 --abortonerror n --stopparentfirst undefined
2022-12-07 09:12:39 - Started 8144
